<?xml version="1.0" encoding="UTF-8"?>
<Site BuildName="(empty)"
	BuildStamp="20231008-1026-Experimental"
	Name="(empty)"
	Generator="ctest-3.22.1"
	CompilerName=""
	CompilerVersion=""
	OSName="Linux"
	Hostname="nelta-pc"
	OSRelease="6.2.0-33-generic"
	OSVersion="#33~22.04.1-Ubuntu SMP PREEMPT_DYNAMIC Thu Sep  7 10:33:52 UTC 2"
	OSPlatform="x86_64"
	Is64Bits="1"
	VendorString="AuthenticAMD"
	VendorID="Advanced Micro Devices"
	FamilyID="25"
	ModelID="80"
	ProcessorCacheSize="512"
	NumberOfLogicalCPU="12"
	NumberOfPhysicalCPU="6"
	TotalVirtualMemory="2047"
	TotalPhysicalMemory="15330"
	LogicalProcessorsPerPhysical="2"
	ProcessorClockFrequency="3593.53"
	>
	<Testing>
		<StartDateTime>Oct 08 17:26 +07</StartDateTime>
		<StartTestTime>1696760780</StartTestTime>
		<TestList/>
		<EndDateTime>Oct 08 17:26 +07</EndDateTime>
		<EndTestTime>1696760780</EndTestTime>
		<ElapsedMinutes>0</ElapsedMinutes>
	</Testing>
</Site>
